INFO:root:1 image(s) found in https://www.apple.com/retail/thesummit/
INFO:root:1 image(s) found in https://www.apple.com/retail/bridgestreet/
INFO:root:1 image(s) found in https://www.apple.com/retail/anchorage5thavenuemall/
INFO:root:1 image(s) found in https://www.apple.com/retail/chandlerfashioncenter/
INFO:root:1 image(s) found in https://www.apple.com/retail/santanvillage/
INFO:root:1 image(s) found in https://www.apple.com/retail/arrowhead/
INFO:root:1 image(s) found in https://www.apple.com/retail/scottsdalefashionsquare/
INFO:root:1 image(s) found in https://www.apple.com/retail/scottsdalequarter/
INFO:root:1 image(s) found in https://www.apple.com/retail/laencantada/
INFO:root:1 image(s) found in https://www.apple.com/retail/thepromenadeatchenal/
INFO:root:1 image(s) found in https://www.apple.com/retail/valleyplaza/
INFO:root:1 image(s) found in https://www.apple.com/retail/4thstreet/
INFO:root:1 image(s) found in https://www.apple.com/retail/breamall/
INFO:root:1 image(s) found in https://www.apple.com/retail/burlingame/
INFO:root:1 image(s) found in https://www.apple.com/retail/topanga/
INFO:root:1 image(s) found in https://www.apple.com/retail/carlsbad/
INFO:root:1 image(s) found in https://www.apple.com/retail/loscerritos/
INFO:root:1 image(s) found in https://www.apple.com/retail/otayranch/
INFO:root:1 image(s) found in https://www.apple.com/retail/cortemadera/
INFO:root:1 image(s) found in https://www.apple.com/retail/southcoastplaza/
INFO:root:5 image(s) found in https://www.apple.com/retail/appleparkvisitorcenter/
INFO:root:1 image(s) found in https://www.apple.com/retail/infiniteloop/
INFO:root:1 image(s) found in https://www.apple.com/retail/baystreet/
INFO:root:1 image(s) found in https://www.apple.com/retail/northcounty/
INFO:root:1 image(s) found in https://www.apple.com/retail/fashionfair/
INFO:root:1 image(s) found in https://www.apple.com/retail/glendalegalleria/
INFO:root:1 image(s) found in https://www.apple.com/retail/theamericanaatbrand/
INFO:root:1 image(s) found in https://www.apple.com/retail/irvinespectrumcenter/
INFO:root:1 image(s) found in https://www.apple.com/retail/beverlycenter/
INFO:root:1 image(s) found in https://www.apple.com/retail/centurycity/
INFO:root:1 image(s) found in https://www.apple.com/retail/thegrove/
INFO:root:1 image(s) found in https://www.apple.com/retail/losgatos/
INFO:root:1 image(s) found in https://www.apple.com/retail/manhattanvillage/
INFO:root:1 image(s) found in https://www.apple.com/retail/missionviejo/
INFO:root:1 image(s) found in https://www.apple.com/retail/vintagefaire/
INFO:root:1 image(s) found in https://www.apple.com/retail/delmonte/
INFO:root:1 image(s) found in https://www.apple.com/retail/fashionisland/
INFO:root:1 image(s) found in https://www.apple.com/retail/northridge/
INFO:root:1 image(s) found in https://www.apple.com/retail/elpaseovillage/
INFO:root:1 image(s) found in https://www.apple.com/retail/paloalto/
INFO:root:1 image(s) found in https://www.apple.com/retail/stanfordshoppingcenter/
INFO:root:1 image(s) found in https://www.apple.com/retail/pasadena/
INFO:root:1 image(s) found in https://www.apple.com/retail/stoneridgemall/
INFO:root:1 image(s) found in https://www.apple.com/retail/victoriagardens/
INFO:root:1 image(s) found in https://www.apple.com/retail/roseville/
INFO:root:1 image(s) found in https://www.apple.com/retail/ardenfair/
INFO:root:1 image(s) found in https://www.apple.com/retail/fashionvalley/
INFO:root:1 image(s) found in https://www.apple.com/retail/utc/
INFO:root:1 image(s) found in https://www.apple.com/retail/chestnutstreet/
INFO:root:1 image(s) found in https://www.apple.com/retail/stonestown/
INFO:root:8 image(s) found in https://www.apple.com/retail/unionsquare/
INFO:root:1 image(s) found in https://www.apple.com/retail/oakridge/
INFO:root:1 image(s) found in https://www.apple.com/retail/higuerastreet/
INFO:root:1 image(s) found in https://www.apple.com/retail/hillsdale/
INFO:root:1 image(s) found in https://www.apple.com/retail/statestreet/
INFO:root:1 image(s) found in https://www.apple.com/retail/valleyfair/
INFO:root:1 image(s) found in https://www.apple.com/retail/thirdstreetpromenade/
INFO:root:1 image(s) found in https://www.apple.com/retail/santarosaplaza/
INFO:root:1 image(s) found in https://www.apple.com/retail/shermanoaks/
INFO:root:1 image(s) found in https://www.apple.com/retail/promenadetemecula/
INFO:root:1 image(s) found in https://www.apple.com/retail/theoaks/
INFO:root:1 image(s) found in https://www.apple.com/retail/valenciatowncenter/
INFO:root:1 image(s) found in https://www.apple.com/retail/broadwayplaza/
INFO:root:1 image(s) found in https://www.apple.com/retail/twentyninthstreet/
INFO:root:1 image(s) found in https://www.apple.com/retail/flatironcrossing/
INFO:root:1 image(s) found in https://www.apple.com/retail/thepromenadeshopsatbriargate/
INFO:root:1 image(s) found in https://www.apple.com/retail/cherrycreek/
INFO:root:1 image(s) found in https://www.apple.com/retail/aspengrove/
INFO:root:1 image(s) found in https://www.apple.com/retail/parkmeadows/
INFO:root:1 image(s) found in https://www.apple.com/retail/danburyfairmall/
INFO:root:1 image(s) found in https://www.apple.com/retail/westfarms/
INFO:root:1 image(s) found in https://www.apple.com/retail/greenwichavenue/
INFO:root:1 image(s) found in https://www.apple.com/retail/newhaven/
INFO:root:1 image(s) found in https://www.apple.com/retail/evergreenwalk/
INFO:root:1 image(s) found in https://www.apple.com/retail/stamford/
INFO:root:1 image(s) found in https://www.apple.com/retail/trumbull/
INFO:root:1 image(s) found in https://www.apple.com/retail/christianamall/
INFO:root:8 image(s) found in https://www.apple.com/retail/carnegielibrary/
INFO:root:1 image(s) found in https://www.apple.com/retail/georgetown/
INFO:root:1 image(s) found in https://www.apple.com/retail/altamonte/
INFO:root:8 image(s) found in https://www.apple.com/retail/aventura/
INFO:root:1 image(s) found in https://www.apple.com/retail/bocaraton/
INFO:root:1 image(s) found in https://www.apple.com/retail/brandon/
INFO:root:1 image(s) found in https://www.apple.com/retail/coconutpoint/
INFO:root:1 image(s) found in https://www.apple.com/retail/thegalleria/
INFO:root:1 image(s) found in https://www.apple.com/retail/stjohnstowncenter/
INFO:root:1 image(s) found in https://www.apple.com/retail/lincolnroad/
INFO:root:1 image(s) found in https://www.apple.com/retail/brickellcitycentre/
INFO:root:1 image(s) found in https://www.apple.com/retail/dadeland/
INFO:root:1 image(s) found in https://www.apple.com/retail/thefalls/
INFO:root:1 image(s) found in https://www.apple.com/retail/watersideshops/
INFO:root:1 image(s) found in https://www.apple.com/retail/floridamall/
INFO:root:1 image(s) found in https://www.apple.com/retail/millenia/
INFO:root:1 image(s) found in https://www.apple.com/retail/thegardensmall/
INFO:root:1 image(s) found in https://www.apple.com/retail/universitytowncenter/
INFO:root:1 image(s) found in https://www.apple.com/retail/internationalplaza/
INFO:root:1 image(s) found in https://www.apple.com/retail/wellingtongreen/
INFO:root:1 image(s) found in https://www.apple.com/retail/avalon/
INFO:root:1 image(s) found in https://www.apple.com/retail/cumberlandmall/
INFO:root:1 image(s) found in https://www.apple.com/retail/lenoxsquare/
INFO:root:1 image(s) found in https://www.apple.com/retail/perimeter/
INFO:root:1 image(s) found in https://www.apple.com/retail/augusta/
INFO:root:1 image(s) found in https://www.apple.com/retail/mallofgeorgia/
INFO:root:1 image(s) found in https://www.apple.com/retail/alamoana/
INFO:root:1 image(s) found in https://www.apple.com/retail/kahala/
INFO:root:1 image(s) found in https://www.apple.com/retail/royalhawaiian/
INFO:root:1 image(s) found in https://www.apple.com/retail/boisetownesquare/
INFO:root:4 image(s) found in https://www.apple.com/retail/lincolnpark/
INFO:root:10 image(s) found in https://www.apple.com/retail/michiganavenue/
INFO:root:1 image(s) found in https://www.apple.com/retail/deerpark/
INFO:root:1 image(s) found in https://www.apple.com/retail/mainplace/
INFO:root:1 image(s) found in https://www.apple.com/retail/northbrook/
INFO:root:1 image(s) found in https://www.apple.com/retail/oakbrook/
INFO:root:1 image(s) found in https://www.apple.com/retail/orlandsquaremall/
INFO:root:1 image(s) found in https://www.apple.com/retail/woodfield/
INFO:root:1 image(s) found in https://www.apple.com/retail/oldorchard/
INFO:root:1 image(s) found in https://www.apple.com/retail/thefashionmallatkeystone/
INFO:root:1 image(s) found in https://www.apple.com/retail/universityparkmall/
INFO:root:1 image(s) found in https://www.apple.com/retail/jordancreek/
INFO:root:1 image(s) found in https://www.apple.com/retail/leawood/
INFO:root:1 image(s) found in https://www.apple.com/retail/fayettemall/
INFO:root:1 image(s) found in https://www.apple.com/retail/oxmoor/
INFO:root:1 image(s) found in https://www.apple.com/retail/malloflouisiana/
INFO:root:1 image(s) found in https://www.apple.com/retail/lakesideshoppingcenter/
INFO:root:1 image(s) found in https://www.apple.com/retail/mainemall/
INFO:root:1 image(s) found in https://www.apple.com/retail/annapolis/
INFO:root:1 image(s) found in https://www.apple.com/retail/bethesdarow/
INFO:root:1 image(s) found in https://www.apple.com/retail/montgomerymall/
INFO:root:1 image(s) found in https://www.apple.com/retail/columbia/
INFO:root:1 image(s) found in https://www.apple.com/retail/towsontowncenter/
INFO:root:6 image(s) found in https://www.apple.com/retail/boylstonstreet/
INFO:root:1 image(s) found in https://www.apple.com/retail/southshore/
INFO:root:1 image(s) found in https://www.apple.com/retail/burlington/
INFO:root:1 image(s) found in https://www.apple.com/retail/cambridgeside/
INFO:root:1 image(s) found in https://www.apple.com/retail/chestnuthill/
INFO:root:1 image(s) found in https://www.apple.com/retail/legacyplace/
INFO:root:1 image(s) found in https://www.apple.com/retail/derbystreet/
INFO:root:1 image(s) found in https://www.apple.com/retail/holyoke/
INFO:root:1 image(s) found in https://www.apple.com/retail/marketstreet/
INFO:root:1 image(s) found in https://www.apple.com/retail/solomonpondmall/
INFO:root:1 image(s) found in https://www.apple.com/retail/natick/
INFO:root:1 image(s) found in https://www.apple.com/retail/briarwood/
INFO:root:1 image(s) found in https://www.apple.com/retail/partridgecreek/
INFO:root:1 image(s) found in https://www.apple.com/retail/woodland/
INFO:root:1 image(s) found in https://www.apple.com/retail/eastwoodtownecenter/
INFO:root:1 image(s) found in https://www.apple.com/retail/twelveoaks/
INFO:root:1 image(s) found in https://www.apple.com/retail/somerset/
INFO:root:1 image(s) found in https://www.apple.com/retail/mallofamerica/
INFO:root:1 image(s) found in https://www.apple.com/retail/southdale/
INFO:root:1 image(s) found in https://www.apple.com/retail/uptown/
INFO:root:1 image(s) found in https://www.apple.com/retail/ridgedale/
INFO:root:1 image(s) found in https://www.apple.com/retail/rosedalecenter/
INFO:root:1 image(s) found in https://www.apple.com/retail/renaissanceatcolonypark/
INFO:root:1 image(s) found in https://www.apple.com/retail/countryclubplaza/
INFO:root:1 image(s) found in https://www.apple.com/retail/saintlouisgalleria/
INFO:root:1 image(s) found in https://www.apple.com/retail/westcounty/
INFO:root:1 image(s) found in https://www.apple.com/retail/villagepointe/
INFO:root:1 image(s) found in https://www.apple.com/retail/fashionshow/
INFO:root:1 image(s) found in https://www.apple.com/retail/summerlin/
INFO:root:1 image(s) found in https://www.apple.com/retail/theforumshops/
INFO:root:1 image(s) found in https://www.apple.com/retail/townsquare/
INFO:root:1 image(s) found in https://www.apple.com/retail/summitsierra/
INFO:root:1 image(s) found in https://www.apple.com/retail/themallofnewhampshire/
INFO:root:1 image(s) found in https://www.apple.com/retail/pheasantlane/
INFO:root:1 image(s) found in https://www.apple.com/retail/rockinghampark/
INFO:root:1 image(s) found in https://www.apple.com/retail/bridgewater/
INFO:root:1 image(s) found in https://www.apple.com/retail/cherryhill/
INFO:root:1 image(s) found in https://www.apple.com/retail/menlopark/
INFO:root:1 image(s) found in https://www.apple.com/retail/freeholdracewaymall/
INFO:root:1 image(s) found in https://www.apple.com/retail/quakerbridge/
INFO:root:1 image(s) found in https://www.apple.com/retail/sagemore/
INFO:root:1 image(s) found in https://www.apple.com/retail/gardenstateplaza/
INFO:root:1 image(s) found in https://www.apple.com/retail/rockaway/
INFO:root:1 image(s) found in https://www.apple.com/retail/shorthills/
INFO:root:1 image(s) found in https://www.apple.com/retail/willowbrook/
INFO:root:1 image(s) found in https://www.apple.com/retail/ticescorner/
INFO:root:1 image(s) found in https://www.apple.com/retail/abquptown/
INFO:root:1 image(s) found in https://www.apple.com/retail/crossgates/
INFO:root:1 image(s) found in https://www.apple.com/retail/downtownbrooklyn/
INFO:root:1 image(s) found in https://www.apple.com/retail/williamsburg/
INFO:root:1 image(s) found in https://www.apple.com/retail/waldengalleria/
INFO:root:1 image(s) found in https://www.apple.com/retail/queenscenter/
INFO:root:1 image(s) found in https://www.apple.com/retail/rooseveltfield/
INFO:root:1 image(s) found in https://www.apple.com/retail/waltwhitman/
INFO:root:1 image(s) found in https://www.apple.com/retail/smithhaven/
INFO:root:1 image(s) found in https://www.apple.com/retail/manhasset/
INFO:root:1 image(s) found in https://www.apple.com/retail/nanuet/
INFO:root:7 image(s) found in https://www.apple.com/retail/fifthavenue/
INFO:root:6 image(s) found in https://www.apple.com/retail/grandcentral/
INFO:root:1 image(s) found in https://www.apple.com/retail/soho/
INFO:root:8 image(s) found in https://www.apple.com/retail/uppereastside/
INFO:root:3 image(s) found in https://www.apple.com/retail/upperwestside/
INFO:root:4 image(s) found in https://www.apple.com/retail/west14thstreet/
INFO:root:1 image(s) found in https://www.apple.com/retail/worldtradecenter/
INFO:root:1 image(s) found in https://www.apple.com/retail/statenisland/
INFO:root:1 image(s) found in https://www.apple.com/retail/syracuse/
INFO:root:1 image(s) found in https://www.apple.com/retail/eastview/
INFO:root:1 image(s) found in https://www.apple.com/retail/thewestchester/
INFO:root:1 image(s) found in https://www.apple.com/retail/ridgehill/
INFO:root:1 image(s) found in https://www.apple.com/retail/northlakemall/
INFO:root:1 image(s) found in https://www.apple.com/retail/southpark/
INFO:root:1 image(s) found in https://www.apple.com/retail/southpoint/
INFO:root:1 image(s) found in https://www.apple.com/retail/friendlycenter/
INFO:root:1 image(s) found in https://www.apple.com/retail/crabtreevalleymall/
INFO:root:1 image(s) found in https://www.apple.com/retail/summitmall/
INFO:root:1 image(s) found in https://www.apple.com/retail/thegreene/
INFO:root:1 image(s) found in https://www.apple.com/retail/kenwoodtownecentre/
INFO:root:1 image(s) found in https://www.apple.com/retail/eastontowncenter/
INFO:root:1 image(s) found in https://www.apple.com/retail/polarisfashionplace/
INFO:root:1 image(s) found in https://www.apple.com/retail/franklinparkmall/
INFO:root:1 image(s) found in https://www.apple.com/retail/crockerpark/
INFO:root:1 image(s) found in https://www.apple.com/retail/eton/
INFO:root:1 image(s) found in https://www.apple.com/retail/pennsquare/
INFO:root:1 image(s) found in https://www.apple.com/retail/woodlandhills/
INFO:root:1 image(s) found in https://www.apple.com/retail/pioneerplace/
INFO:root:1 image(s) found in https://www.apple.com/retail/bridgeportvillage/
INFO:root:1 image(s) found in https://www.apple.com/retail/washingtonsquare/
INFO:root:1 image(s) found in https://www.apple.com/retail/suburbansquare/
INFO:root:1 image(s) found in https://www.apple.com/retail/kingofprussia/
INFO:root:1 image(s) found in https://www.apple.com/retail/parkcity/
INFO:root:1 image(s) found in https://www.apple.com/retail/walnutstreet/
INFO:root:1 image(s) found in https://www.apple.com/retail/rosspark/
INFO:root:1 image(s) found in https://www.apple.com/retail/shadyside/
INFO:root:1 image(s) found in https://www.apple.com/retail/southhillsvillage/
INFO:root:1 image(s) found in https://www.apple.com/retail/lehighvalley/
INFO:root:1 image(s) found in https://www.apple.com/retail/willowgrovepark/
INFO:root:1 image(s) found in https://www.apple.com/retail/providenceplace/
INFO:root:1 image(s) found in https://www.apple.com/retail/kingstreet/
INFO:root:1 image(s) found in https://www.apple.com/retail/haywoodmall/
INFO:root:1 image(s) found in https://www.apple.com/retail/coolspringsgalleria/
INFO:root:1 image(s) found in https://www.apple.com/retail/saddlecreek/
INFO:root:1 image(s) found in https://www.apple.com/retail/westtownmall/
INFO:root:1 image(s) found in https://www.apple.com/retail/greenhills/
INFO:root:1 image(s) found in https://www.apple.com/retail/bartoncreek/
INFO:root:1 image(s) found in https://www.apple.com/retail/domainnorthside/
INFO:root:1 image(s) found in https://www.apple.com/retail/galleriadallas/
INFO:root:1 image(s) found in https://www.apple.com/retail/knoxstreet/
INFO:root:1 image(s) found in https://www.apple.com/retail/northparkcenter/
INFO:root:1 image(s) found in https://www.apple.com/retail/cielovistamall/
INFO:root:1 image(s) found in https://www.apple.com/retail/universityparkvillage/
INFO:root:1 image(s) found in https://www.apple.com/retail/baybrook/
INFO:root:1 image(s) found in https://www.apple.com/retail/highlandvillage/
INFO:root:1 image(s) found in https://www.apple.com/retail/houstongalleria/
INFO:root:1 image(s) found in https://www.apple.com/retail/memorialcity/
INFO:root:1 image(s) found in https://www.apple.com/retail/willowbrookmall/
INFO:root:1 image(s) found in https://www.apple.com/retail/lacantera/
INFO:root:1 image(s) found in https://www.apple.com/retail/northstar/
INFO:root:1 image(s) found in https://www.apple.com/retail/southlaketownsquare/
INFO:root:1 image(s) found in https://www.apple.com/retail/firstcolonymall/
INFO:root:1 image(s) found in https://www.apple.com/retail/thewoodlands/
INFO:root:1 image(s) found in https://www.apple.com/retail/stationpark/
INFO:root:1 image(s) found in https://www.apple.com/retail/fashionplace/
INFO:root:1 image(s) found in https://www.apple.com/retail/citycreekcenter/
INFO:root:1 image(s) found in https://www.apple.com/retail/clarendon/
INFO:root:1 image(s) found in https://www.apple.com/retail/pentagoncity/
INFO:root:1 image(s) found in https://www.apple.com/retail/fairoaks/
INFO:root:1 image(s) found in https://www.apple.com/retail/tysonscorner/
INFO:root:0 image(s) found in https://www.apple.com/retail/macarthurcenter/
INFO:root:1 image(s) found in https://www.apple.com/retail/reston/
INFO:root:1 image(s) found in https://www.apple.com/retail/shortpumptowncenter/
INFO:root:1 image(s) found in https://www.apple.com/retail/lynnhavenmall/
INFO:root:1 image(s) found in https://www.apple.com/retail/potomactowncenter/
INFO:root:1 image(s) found in https://www.apple.com/retail/bellevuesquare/
INFO:root:1 image(s) found in https://www.apple.com/retail/alderwood/
INFO:root:1 image(s) found in https://www.apple.com/retail/universityvillage/
INFO:root:1 image(s) found in https://www.apple.com/retail/riverparksquare/
INFO:root:1 image(s) found in https://www.apple.com/retail/tacomamall/
INFO:root:1 image(s) found in https://www.apple.com/retail/southcenter/
INFO:root:1 image(s) found in https://www.apple.com/retail/bayshore/
INFO:root:1 image(s) found in https://www.apple.com/retail/hilldale/
INFO:root:1 image(s) found in https://www.apple.com/retail/mayfair/
INFO:root:1 image(s) found in https://www.apple.com/au/retail/canberra/
INFO:root:1 image(s) found in https://www.apple.com/au/retail/bondi/
INFO:root:1 image(s) found in https://www.apple.com/au/retail/broadway/
INFO:root:1 image(s) found in https://www.apple.com/au/retail/castletowers/
INFO:root:1 image(s) found in https://www.apple.com/au/retail/charlestown/
INFO:root:1 image(s) found in https://www.apple.com/au/retail/chatswoodchase/
INFO:root:1 image(s) found in https://www.apple.com/au/retail/hornsby/
INFO:root:1 image(s) found in https://www.apple.com/au/retail/miranda/
INFO:root:1 image(s) found in https://www.apple.com/au/retail/penrith/
INFO:root:1 image(s) found in https://www.apple.com/au/retail/sydney/
INFO:root:8 image(s) found in https://www.apple.com/au/retail/brisbane/
INFO:root:1 image(s) found in https://www.apple.com/au/retail/carindale/
INFO:root:1 image(s) found in https://www.apple.com/au/retail/chermside/
INFO:root:1 image(s) found in https://www.apple.com/au/retail/robina/
INFO:root:1 image(s) found in https://www.apple.com/au/retail/rundleplace/
INFO:root:1 image(s) found in https://www.apple.com/au/retail/chadstone/
INFO:root:1 image(s) found in https://www.apple.com/au/retail/southland/
INFO:root:1 image(s) found in https://www.apple.com/au/retail/doncaster/
INFO:root:1 image(s) found in https://www.apple.com/au/retail/fountaingate/
INFO:root:1 image(s) found in https://www.apple.com/au/retail/highpoint/
INFO:root:1 image(s) found in https://www.apple.com/au/retail/booragoon/
INFO:root:1 image(s) found in https://www.apple.com/au/retail/perthcity/
INFO:root:1 image(s) found in https://www.apple.com/at/retail/kaerntnerstrasse/
INFO:root:1 image(s) found in https://www.apple.com/uk/retail/unionsquare/
INFO:root:1 image(s) found in https://www.apple.com/uk/retail/festivalplace/
INFO:root:1 image(s) found in https://www.apple.com/uk/retail/southgate/
INFO:root:1 image(s) found in https://www.apple.com/uk/retail/victoriasquare/
INFO:root:1 image(s) found in https://www.apple.com/uk/retail/birmingham/
INFO:root:1 image(s) found in https://www.apple.com/uk/retail/churchillsquare/
INFO:root:1 image(s) found in https://www.apple.com/uk/retail/cabotcircus/
INFO:root:1 image(s) found in https://www.apple.com/uk/retail/cribbscauseway/
INFO:root:1 image(s) found in https://www.apple.com/uk/retail/bromley/
INFO:root:1 image(s) found in https://www.apple.com/uk/retail/grandarcade/
INFO:root:1 image(s) found in https://www.apple.com/uk/retail/stdavids2/
INFO:root:1 image(s) found in https://www.apple.com/uk/retail/princesstreet/
INFO:root:1 image(s) found in https://www.apple.com/uk/retail/princesshay/
INFO:root:1 image(s) found in https://www.apple.com/uk/retail/metrocentre/
INFO:root:1 image(s) found in https://www.apple.com/uk/retail/braehead/
INFO:root:1 image(s) found in https://www.apple.com/uk/retail/buchananstreet/
INFO:root:1 image(s) found in https://www.apple.com/uk/retail/lakeside/
INFO:root:1 image(s) found in https://www.apple.com/uk/retail/bluewater/
INFO:root:1 image(s) found in https://www.apple.com/uk/retail/bentallcentre/
INFO:root:1 image(s) found in https://www.apple.com/uk/retail/trinityleeds/
INFO:root:1 image(s) found in https://www.apple.com/uk/retail/highcross/
INFO:root:1 image(s) found in https://www.apple.com/uk/retail/liverpool/
INFO:root:1 image(s) found in https://www.apple.com/uk/retail/brentcross/
INFO:root:6 image(s) found in https://www.apple.com/uk/retail/coventgarden/
INFO:root:8 image(s) found in https://www.apple.com/uk/retail/regentstreet/
INFO:root:1 image(s) found in https://www.apple.com/uk/retail/stratfordcity/
INFO:root:1 image(s) found in https://www.apple.com/uk/retail/whitecity/
INFO:root:1 image(s) found in https://www.apple.com/uk/retail/manchesterarndale/
INFO:root:1 image(s) found in https://www.apple.com/uk/retail/traffordcentre/
INFO:root:1 image(s) found in https://www.apple.com/uk/retail/miltonkeynes/
INFO:root:1 image(s) found in https://www.apple.com/uk/retail/eldonsquare/
INFO:root:1 image(s) found in https://www.apple.com/uk/retail/chapelfield/
INFO:root:1 image(s) found in https://www.apple.com/uk/retail/drakecircus/
INFO:root:1 image(s) found in https://www.apple.com/uk/retail/theoracle/
INFO:root:1 image(s) found in https://www.apple.com/uk/retail/meadowhall/
INFO:root:1 image(s) found in https://www.apple.com/uk/retail/touchwoodcentre/
INFO:root:1 image(s) found in https://www.apple.com/uk/retail/southampton/
INFO:root:1 image(s) found in https://www.apple.com/uk/retail/watford/
INFO:root:9 image(s) found in https://www.apple.com/jp/retail/marunouchi/
INFO:root:1 image(s) found in https://www.apple.com/jp/retail/ginza/
INFO:root:6 image(s) found in https://www.apple.com/jp/retail/fukuoka/
INFO:root:1 image(s) found in https://www.apple.com/jp/retail/kawasaki/
INFO:root:1 image(s) found in https://www.apple.com/jp/retail/kyoto/
INFO:root:1 image(s) found in https://www.apple.com/jp/retail/nagoyasakae/
INFO:root:1 image(s) found in https://www.apple.com/jp/retail/shinsaibashi/
INFO:root:5 image(s) found in https://www.apple.com/jp/retail/omotesando/
INFO:root:1 image(s) found in https://www.apple.com/jp/retail/shibuya/
INFO:root:1 image(s) found in https://www.apple.com/jp/retail/shinjuku/
INFO:root:1 image(s) found in https://www.apple.com/ca/retail/chinookcentre/
INFO:root:1 image(s) found in https://www.apple.com/ca/retail/marketmall/
INFO:root:1 image(s) found in https://www.apple.com/ca/retail/southgatecentre/
INFO:root:1 image(s) found in https://www.apple.com/ca/retail/westedmonton/
INFO:root:1 image(s) found in https://www.apple.com/ca/retail/metrotown/
INFO:root:1 image(s) found in https://www.apple.com/ca/retail/coquitlamcentre/
INFO:root:1 image(s) found in https://www.apple.com/ca/retail/richmondcentre/
INFO:root:1 image(s) found in https://www.apple.com/ca/retail/guildfordtowncentre/
INFO:root:1 image(s) found in https://www.apple.com/ca/retail/oakridgecentre/
INFO:root:1 image(s) found in https://www.apple.com/ca/retail/pacificcentre/
INFO:root:1 image(s) found in https://www.apple.com/ca/retail/polopark/
INFO:root:1 image(s) found in https://www.apple.com/ca/retail/halifaxshoppingcentre/
INFO:root:1 image(s) found in https://www.apple.com/ca/retail/mapleviewcentre/
INFO:root:1 image(s) found in https://www.apple.com/ca/retail/masonville/
INFO:root:1 image(s) found in https://www.apple.com/ca/retail/markvilleshoppingcentre/
INFO:root:1 image(s) found in https://www.apple.com/ca/retail/squareone/
INFO:root:1 image(s) found in https://www.apple.com/ca/retail/uppercanadamall/
INFO:root:1 image(s) found in https://www.apple.com/ca/retail/bayshoreshoppingcentre/
INFO:root:1 image(s) found in https://www.apple.com/ca/retail/rideau/
INFO:root:1 image(s) found in https://www.apple.com/ca/retail/eatoncentre/
INFO:root:1 image(s) found in https://www.apple.com/ca/retail/fairview/
INFO:root:1 image(s) found in https://www.apple.com/ca/retail/sherwaygardens/
INFO:root:1 image(s) found in https://www.apple.com/ca/retail/yorkdale/
INFO:root:1 image(s) found in https://www.apple.com/ca/retail/conestoga/
INFO:root:1 image(s) found in https://www.apple.com/ca/retail/dix30/
INFO:root:1 image(s) found in https://www.apple.com/ca/retail/carrefourlaval/
INFO:root:1 image(s) found in https://www.apple.com/ca/retail/saintecatherine/
INFO:root:1 image(s) found in https://www.apple.com/ca/retail/fairviewpointeclaire/
INFO:root:1 image(s) found in https://www.apple.com/ca/retail/placestefoy/
INFO:root:1 image(s) found in https://www.apple.com/it/retail/viarizzoli/
INFO:root:1 image(s) found in https://www.apple.com/it/retail/igigli/
INFO:root:1 image(s) found in https://www.apple.com/it/retail/carosello/
INFO:root:1 image(s) found in https://www.apple.com/it/retail/firenze/
INFO:root:1 image(s) found in https://www.apple.com/it/retail/legru/
INFO:root:1 image(s) found in https://www.apple.com/it/retail/illeone/
INFO:root:1 image(s) found in https://www.apple.com/it/retail/campania/
INFO:root:1 image(s) found in https://www.apple.com/it/retail/navedevero/
INFO:root:10 image(s) found in https://www.apple.com/it/retail/piazzaliberty/
INFO:root:1 image(s) found in https://www.apple.com/it/retail/centrosicilia/
INFO:root:1 image(s) found in https://www.apple.com/it/retail/oriocenter/
INFO:root:1 image(s) found in https://www.apple.com/it/retail/lebefane/
INFO:root:1 image(s) found in https://www.apple.com/it/retail/portadiroma/
INFO:root:1 image(s) found in https://www.apple.com/it/retail/euroma2/
INFO:root:1 image(s) found in https://www.apple.com/it/retail/romaest/
INFO:root:1 image(s) found in https://www.apple.com/it/retail/fiordaliso/
INFO:root:1 image(s) found in https://www.apple.com/it/retail/viaroma/
INFO:root:1 image(s) found in https://www.apple.com.cn/cn/retail/chaoyangjoycity/
INFO:root:1 image(s) found in https://www.apple.com.cn/cn/retail/chinacentralmall/
INFO:root:6 image(s) found in https://www.apple.com.cn/cn/retail/sanlitun/
INFO:root:1 image(s) found in https://www.apple.com.cn/cn/retail/wangfujing/
INFO:root:1 image(s) found in https://www.apple.com.cn/cn/retail/xidanjoycity/
INFO:root:8 image(s) found in https://www.apple.com.cn/cn/retail/jiefangbei/
INFO:root:1 image(s) found in https://www.apple.com.cn/cn/retail/mixcchongqing/
INFO:root:1 image(s) found in https://www.apple.com.cn/cn/retail/paradisewalkchongqing/
INFO:root:1 image(s) found in https://www.apple.com.cn/cn/retail/tahoeplaza/
INFO:root:1 image(s) found in https://www.apple.com.cn/cn/retail/xiamenlifestylecenter/
INFO:root:1 image(s) found in https://www.apple.com.cn/cn/retail/parccentral/
INFO:root:1 image(s) found in https://www.apple.com.cn/cn/retail/zhujiangnewtown/
INFO:root:1 image(s) found in https://www.apple.com.cn/cn/retail/holidayplazashenzhen/
INFO:root:1 image(s) found in https://www.apple.com.cn/cn/retail/mixcnanning/
INFO:root:1 image(s) found in https://www.apple.com.cn/cn/retail/mixczhengzhou/
INFO:root:1 image(s) found in https://www.apple.com.cn/cn/retail/nanjingist/
INFO:root:1 image(s) found in https://www.apple.com.cn/cn/retail/nanjingjinmaoplace/
INFO:root:1 image(s) found in https://www.apple.com.cn/cn/retail/wondercity/
INFO:root:1 image(s) found in https://www.apple.com.cn/cn/retail/suzhou/
INFO:root:1 image(s) found in https://www.apple.com.cn/cn/retail/center66wuxi/
INFO:root:1 image(s) found in https://www.apple.com.cn/cn/retail/olympia66dalian/
INFO:root:1 image(s) found in https://www.apple.com.cn/cn/retail/parkland/
INFO:root:1 image(s) found in https://www.apple.com.cn/cn/retail/mixcshenyang/
INFO:root:1 image(s) found in https://www.apple.com.cn/cn/retail/zhongjiejoycity/
INFO:root:1 image(s) found in https://www.apple.com.cn/cn/retail/parc66jinan/
INFO:root:1 image(s) found in https://www.apple.com.cn/cn/retail/mixcqingdao/
INFO:root:1 image(s) found in https://www.apple.com.cn/cn/retail/globalharbor/
INFO:root:1 image(s) found in https://www.apple.com.cn/cn/retail/hongkongplaza/
INFO:root:8 image(s) found in https://www.apple.com.cn/cn/retail/nanjingeast/
INFO:root:8 image(s) found in https://www.apple.com.cn/cn/retail/pudong/
INFO:root:1 image(s) found in https://www.apple.com.cn/cn/retail/qibao/
INFO:root:1 image(s) found in https://www.apple.com.cn/cn/retail/shanghaiiapm/
INFO:root:1 image(s) found in https://www.apple.com.cn/cn/retail/wujiaochang/
INFO:root:1 image(s) found in https://www.apple.com.cn/cn/retail/mixcchengdu/
INFO:root:1 image(s) found in https://www.apple.com.cn/cn/retail/taikoolichengdu/
INFO:root:1 image(s) found in https://www.apple.com.cn/cn/retail/mixctianjin/
INFO:root:1 image(s) found in https://www.apple.com.cn/cn/retail/riverside66tianjin/
INFO:root:1 image(s) found in https://www.apple.com.cn/cn/retail/tianjinjoycity/
INFO:root:1 image(s) found in https://www.apple.com.cn/cn/retail/kunming/
INFO:root:1 image(s) found in https://www.apple.com.cn/cn/retail/mixchangzhou/
INFO:root:8 image(s) found in https://www.apple.com.cn/cn/retail/westlake/
INFO:root:1 image(s) found in https://www.apple.com.cn/cn/retail/tianyisquare/
INFO:root:1 image(s) found in https://www.apple.com/chfr/retail/freiestrasse/
INFO:root:1 image(s) found in https://www.apple.com/chfr/retail/ruederive/
INFO:root:1 image(s) found in https://www.apple.com/chfr/retail/glattzentrum/
INFO:root:1 image(s) found in https://www.apple.com/chfr/retail/rennweg/
INFO:root:1 image(s) found in https://www.apple.com/de/retail/city-galerie/
INFO:root:10 image(s) found in https://www.apple.com/de/retail/kurfuerstendamm/
INFO:root:1 image(s) found in https://www.apple.com/de/retail/rheincenter/
INFO:root:7 image(s) found in https://www.apple.com/de/retail/schildergasse/
INFO:root:1 image(s) found in https://www.apple.com/de/retail/altmarkt-galerie/
INFO:root:1 image(s) found in https://www.apple.com/de/retail/duesseldorf/
INFO:root:1 image(s) found in https://www.apple.com/de/retail/grossebockenheimerstrasse/
INFO:root:1 image(s) found in https://www.apple.com/de/retail/alstertal/
INFO:root:10 image(s) found in https://www.apple.com/de/retail/jungfernstieg/
INFO:root:1 image(s) found in https://www.apple.com/de/retail/hannover/
INFO:root:1 image(s) found in https://www.apple.com/de/retail/oez/
INFO:root:5 image(s) found in https://www.apple.com/de/retail/rosenstrasse/
INFO:root:1 image(s) found in https://www.apple.com/de/retail/centro/
INFO:root:1 image(s) found in https://www.apple.com/de/retail/sindelfingen/
INFO:root:1 image(s) found in https://www.apple.com/de/retail/mtz/
INFO:root:1 image(s) found in https://www.apple.com/fr/retail/aix-en-provence/
INFO:root:1 image(s) found in https://www.apple.com/fr/retail/sainte-catherine/
INFO:root:1 image(s) found in https://www.apple.com/fr/retail/latoisondor/
INFO:root:1 image(s) found in https://www.apple.com/fr/retail/parly2/
INFO:root:1 image(s) found in https://www.apple.com/fr/retail/carresenart/
INFO:root:1 image(s) found in https://www.apple.com/fr/retail/lille/
INFO:root:1 image(s) found in https://www.apple.com/fr/retail/confluence/
INFO:root:1 image(s) found in https://www.apple.com/fr/retail/part-dieu/
INFO:root:1 image(s) found in https://www.apple.com/fr/retail/valdeurope/
INFO:root:1 image(s) found in https://www.apple.com/fr/retail/marseille/
INFO:root:1 image(s) found in https://www.apple.com/fr/retail/odysseum/
INFO:root:1 image(s) found in https://www.apple.com/fr/retail/cap3000/
INFO:root:12 image(s) found in https://www.apple.com/fr/retail/champs-elysees/
INFO:root:1 image(s) found in https://www.apple.com/fr/retail/marchesaintgermain/
INFO:root:10 image(s) found in https://www.apple.com/fr/retail/opera/
INFO:root:1 image(s) found in https://www.apple.com/fr/retail/lesquatretemps/
INFO:root:1 image(s) found in https://www.apple.com/fr/retail/rosny2/
INFO:root:1 image(s) found in https://www.apple.com/fr/retail/atlantis/
INFO:root:1 image(s) found in https://www.apple.com/fr/retail/strasbourg/
INFO:root:1 image(s) found in https://www.apple.com/fr/retail/velizy2/
INFO:root:5 image(s) found in https://www.apple.com/nl/retail/amsterdam/
INFO:root:1 image(s) found in https://www.apple.com/nl/retail/denhaag/
INFO:root:1 image(s) found in https://www.apple.com/nl/retail/haarlem/
INFO:root:1 image(s) found in https://www.apple.com/es/retail/rioshopping/
INFO:root:1 image(s) found in https://www.apple.com/es/retail/xanadu/
INFO:root:1 image(s) found in https://www.apple.com/es/retail/lamaquinista/
INFO:root:6 image(s) found in https://www.apple.com/es/retail/passeigdegracia/
INFO:root:1 image(s) found in https://www.apple.com/es/retail/nuevacondomina/
INFO:root:1 image(s) found in https://www.apple.com/es/retail/parquesur/
INFO:root:5 image(s) found in https://www.apple.com/es/retail/puertadelsol/
INFO:root:1 image(s) found in https://www.apple.com/es/retail/granplaza2/
INFO:root:1 image(s) found in https://www.apple.com/es/retail/lacanada/
INFO:root:1 image(s) found in https://www.apple.com/es/retail/callecolon/
INFO:root:1 image(s) found in https://www.apple.com/es/retail/puertovenecia/
INFO:root:1 image(s) found in https://www.apple.com/hk/en/retail/causewaybay/
INFO:root:8 image(s) found in https://www.apple.com/hk/en/retail/ifcmall/
INFO:root:1 image(s) found in https://www.apple.com/hk/en/retail/festivalwalk/
INFO:root:1 image(s) found in https://www.apple.com/hk/en/retail/apmhongkong/
INFO:root:1 image(s) found in https://www.apple.com/hk/en/retail/newtownplaza/
INFO:root:1 image(s) found in https://www.apple.com/hk/en/retail/cantonroad/
INFO:root:1 image(s) found in https://www.apple.com/se/retail/valacentrum/
INFO:root:1 image(s) found in https://www.apple.com/se/retail/emporia/
INFO:root:1 image(s) found in https://www.apple.com/se/retail/tabycentrum/
INFO:root:1 image(s) found in https://www.apple.com/br/retail/villagemall/
INFO:root:1 image(s) found in https://www.apple.com/br/retail/morumbi/
INFO:root:6 image(s) found in https://www.apple.com/tr/retail/zorlucenter/
INFO:root:1 image(s) found in https://www.apple.com/tr/retail/akasya/
INFO:root:8 image(s) found in https://www.apple.com/befr/retail/brussels/
INFO:root:1 image(s) found in https://www.apple.com/ae/retail/yasmall/
INFO:root:8 image(s) found in https://www.apple.com/ae/retail/dubaimall/
INFO:root:8 image(s) found in https://www.apple.com/ae/retail/malloftheemirates/
INFO:root:1 image(s) found in https://www.apple.com/mo-en/retail/cotaicentral/
INFO:root:1 image(s) found in https://www.apple.com/mo-en/retail/galaxymacau/
INFO:root:1 image(s) found in https://www.apple.com/mx/retail/viasantafe/
INFO:root:4 image(s) found in https://www.apple.com/mx/retail/antara/
INFO:root:1 image(s) found in https://www.apple.com/sg/retail/jewelchangiairport/
INFO:root:1 image(s) found in https://www.apple.com/sg/retail/orchardroad/
INFO:root:1 image(s) found in https://www.apple.com/tw/retail/taipei101/
INFO:root:1 image(s) found in https://www.apple.com/tw/retail/xinyia13/
INFO:root:1 image(s) found in https://www.apple.com/th-en/retail/iconsiam/
INFO:root:1 image(s) found in https://www.apple.com/kr/retail/garosugil/
